15:59:18 **** Build of configuration Debug for project ProgramasC ****
make all 
Cannot run program "make": Launching failed

Error: Program "make" not found in PATH
PATH=[C:/Users/Jonatas/.p2/pool/plugins/org.eclipse.justj.openjdk.hotspot.jre.full.win32.x86_64_21.0.8.v20250724-1412/jre/bin/server;C:/Users/Jonatas/.p2/pool/plugins/org.eclipse.justj.openjdk.hotspot.jre.full.win32.x86_64_21.0.8.v20250724-1412/jre/bin;C:\Python312\Scripts\;C:\Python312\;C:\WINDOWS\system32;C:\WINDOWS;C:\WINDOWS\System32\Wbem;C:\WINDOWS\System32\WindowsPowerShell\v1.0\;C:\WINDOWS\System32\OpenSSH\;C:\Program Files\Microsoft SQL Server\150\Tools\Binn\;C:\Program Files\Microsoft SQL Server\Client SDK\ODBC\170\Tools\Binn\;C:\Program Files\Git\cmd;C:\Program Files\dotnet\;C:\Program Files\nodejs\;C:\ProgramData\chocolatey\bin;C:\Program Files (x86)\GtkSharp\2.12\bin;C:\Program Files\MySQL\MySQL Shell 8.0\bin\;C:\Users\Jonatas\AppData\Local\Microsoft\WindowsApps;C:\Users\Jonatas\.dotnet\tools;C:\Users\Jonatas\AppData\Local\JetBrains\Toolbox\scripts;C:\Users\Jonatas\AppData\Local\Programs\Microsoft VS Code\bin;C:\Users\Jonatas\AppData\Roaming\npm;C:\Users\Jonatas\.dotnet\tools;C:\Users\Jonatas\AppData\Local\Microsoft\WindowsApps;;C:\WINDOWS\system32]
16:05:25 **** Clean-only build of configuration Debug for project ProgramasC ****
make clean 
Cannot run program "make": Launching failed

Error: Program "make" not found in PATH
PATH=[C:/Users/Jonatas/.p2/pool/plugins/org.eclipse.justj.openjdk.hotspot.jre.full.win32.x86_64_21.0.8.v20250724-1412/jre/bin/server;C:/Users/Jonatas/.p2/pool/plugins/org.eclipse.justj.openjdk.hotspot.jre.full.win32.x86_64_21.0.8.v20250724-1412/jre/bin;C:\Python312\Scripts\;C:\Python312\;C:\WINDOWS\system32;C:\WINDOWS;C:\WINDOWS\System32\Wbem;C:\WINDOWS\System32\WindowsPowerShell\v1.0\;C:\WINDOWS\System32\OpenSSH\;C:\Program Files\Microsoft SQL Server\150\Tools\Binn\;C:\Program Files\Microsoft SQL Server\Client SDK\ODBC\170\Tools\Binn\;C:\Program Files\Git\cmd;C:\Program Files\dotnet\;C:\Program Files\nodejs\;C:\ProgramData\chocolatey\bin;C:\Program Files (x86)\GtkSharp\2.12\bin;C:\Program Files\MySQL\MySQL Shell 8.0\bin\;C:\Users\Jonatas\AppData\Local\Microsoft\WindowsApps;C:\Users\Jonatas\.dotnet\tools;C:\Users\Jonatas\AppData\Local\JetBrains\Toolbox\scripts;C:\Users\Jonatas\AppData\Local\Programs\Microsoft VS Code\bin;C:\Users\Jonatas\AppData\Roaming\npm;C:\Users\Jonatas\.dotnet\tools;C:\Users\Jonatas\AppData\Local\Microsoft\WindowsApps;;C:\WINDOWS\system32]
16:05:25 **** Build of configuration Debug for project ProgramasC ****
make all 
Cannot run program "make": Launching failed

Error: Program "make" not found in PATH
PATH=[C:/Users/Jonatas/.p2/pool/plugins/org.eclipse.justj.openjdk.hotspot.jre.full.win32.x86_64_21.0.8.v20250724-1412/jre/bin/server;C:/Users/Jonatas/.p2/pool/plugins/org.eclipse.justj.openjdk.hotspot.jre.full.win32.x86_64_21.0.8.v20250724-1412/jre/bin;C:\Python312\Scripts\;C:\Python312\;C:\WINDOWS\system32;C:\WINDOWS;C:\WINDOWS\System32\Wbem;C:\WINDOWS\System32\WindowsPowerShell\v1.0\;C:\WINDOWS\System32\OpenSSH\;C:\Program Files\Microsoft SQL Server\150\Tools\Binn\;C:\Program Files\Microsoft SQL Server\Client SDK\ODBC\170\Tools\Binn\;C:\Program Files\Git\cmd;C:\Program Files\dotnet\;C:\Program Files\nodejs\;C:\ProgramData\chocolatey\bin;C:\Program Files (x86)\GtkSharp\2.12\bin;C:\Program Files\MySQL\MySQL Shell 8.0\bin\;C:\Users\Jonatas\AppData\Local\Microsoft\WindowsApps;C:\Users\Jonatas\.dotnet\tools;C:\Users\Jonatas\AppData\Local\JetBrains\Toolbox\scripts;C:\Users\Jonatas\AppData\Local\Programs\Microsoft VS Code\bin;C:\Users\Jonatas\AppData\Roaming\npm;C:\Users\Jonatas\.dotnet\tools;C:\Users\Jonatas\AppData\Local\Microsoft\WindowsApps;;C:\WINDOWS\system32]
16:07:58 **** Clean-only build of configuration Debug for project ProgramasC ****
make clean 
Cannot run program "make": Launching failed

Error: Program "make" not found in PATH
PATH=[C:/Users/Jonatas/.p2/pool/plugins/org.eclipse.justj.openjdk.hotspot.jre.full.win32.x86_64_21.0.8.v20250724-1412/jre/bin/server;C:/Users/Jonatas/.p2/pool/plugins/org.eclipse.justj.openjdk.hotspot.jre.full.win32.x86_64_21.0.8.v20250724-1412/jre/bin;C:\Python312\Scripts\;C:\Python312\;C:\WINDOWS\system32;C:\WINDOWS;C:\WINDOWS\System32\Wbem;C:\WINDOWS\System32\WindowsPowerShell\v1.0\;C:\WINDOWS\System32\OpenSSH\;C:\Program Files\Microsoft SQL Server\150\Tools\Binn\;C:\Program Files\Microsoft SQL Server\Client SDK\ODBC\170\Tools\Binn\;C:\Program Files\Git\cmd;C:\Program Files\dotnet\;C:\Program Files\nodejs\;C:\ProgramData\chocolatey\bin;C:\Program Files (x86)\GtkSharp\2.12\bin;C:\Program Files\MySQL\MySQL Shell 8.0\bin\;C:\Users\Jonatas\AppData\Local\Microsoft\WindowsApps;C:\Users\Jonatas\.dotnet\tools;C:\Users\Jonatas\AppData\Local\JetBrains\Toolbox\scripts;C:\Users\Jonatas\AppData\Local\Programs\Microsoft VS Code\bin;C:\Users\Jonatas\AppData\Roaming\npm;C:\Users\Jonatas\.dotnet\tools;C:\Users\Jonatas\AppData\Local\Microsoft\WindowsApps;;C:\WINDOWS\system32]
16:07:58 **** Build of configuration Debug for project ProgramasC ****
make all 
Cannot run program "make": Launching failed

Error: Program "make" not found in PATH
PATH=[C:/Users/Jonatas/.p2/pool/plugins/org.eclipse.justj.openjdk.hotspot.jre.full.win32.x86_64_21.0.8.v20250724-1412/jre/bin/server;C:/Users/Jonatas/.p2/pool/plugins/org.eclipse.justj.openjdk.hotspot.jre.full.win32.x86_64_21.0.8.v20250724-1412/jre/bin;C:\Python312\Scripts\;C:\Python312\;C:\WINDOWS\system32;C:\WINDOWS;C:\WINDOWS\System32\Wbem;C:\WINDOWS\System32\WindowsPowerShell\v1.0\;C:\WINDOWS\System32\OpenSSH\;C:\Program Files\Microsoft SQL Server\150\Tools\Binn\;C:\Program Files\Microsoft SQL Server\Client SDK\ODBC\170\Tools\Binn\;C:\Program Files\Git\cmd;C:\Program Files\dotnet\;C:\Program Files\nodejs\;C:\ProgramData\chocolatey\bin;C:\Program Files (x86)\GtkSharp\2.12\bin;C:\Program Files\MySQL\MySQL Shell 8.0\bin\;C:\Users\Jonatas\AppData\Local\Microsoft\WindowsApps;C:\Users\Jonatas\.dotnet\tools;C:\Users\Jonatas\AppData\Local\JetBrains\Toolbox\scripts;C:\Users\Jonatas\AppData\Local\Programs\Microsoft VS Code\bin;C:\Users\Jonatas\AppData\Roaming\npm;C:\Users\Jonatas\.dotnet\tools;C:\Users\Jonatas\AppData\Local\Microsoft\WindowsApps;;C:\WINDOWS\system32]
16:49:35 **** Incremental Build of configuration Debug for project ProgramasC ****
make all 
'Building file: ../teste.c'
'Invoking: Cross GCC Compiler'
gcc -O0 -g3 -Wall -c -fmessage-length=0 -MMD -MP -MF"teste.d" -MT"teste.o" -o "teste.o" "../teste.c"
'Finished building: ../teste.c'
' '
'Building target: ProgramasC'
'Invoking: Cross GCC Linker'
gcc  -o "ProgramasC" ./teste.o   
'Finished building target: ProgramasC'
' '
16:57:41 **** Rebuild of configuration Debug for project ProgramasC ****
Info: Internal Builder is used for build
gcc -O0 -g3 -Wall -c -fmessage-length=0 -o teste.o "..\\teste.c" 
gcc -o ProgramasC.exe teste.o 
Info: Nothing to build for ProgramasC
Info: Nothing to build for ProgramasC
Info: Nothing to build for ProgramasC
Info: Nothing to build for ProgramasC
17:18:27 **** Clean-only build of configuration Debug for project ProgramasC ****
rm -rf teste.d ProgramasC.exe teste.o 
17:18:27 **** Rebuild of configuration Debug for project ProgramasC ****
Info: Internal Builder is used for build
gcc -O0 -g3 -Wall -c -fmessage-length=0 -o teste.o "..\\teste.c" 
gcc -o ProgramasC.exe teste.o 
Info: Nothing to build for ProgramasC
17:28:28 **** Incremental Build of configuration Debug for project ProgramasC ****
Info: Internal Builder is used for build
gcc -O0 -g3 -Wall -c -fmessage-length=0 -o outro.o "..\\outro.c" 
gcc -o ProgramasC.exe outro.o teste.o 
C:/msys64/mingw64/bin/../lib/gcc/x86_64-w64-mingw32/15.2.0/../../../../x86_64-w64-mingw32/bin/ld.exe: teste.o: in function `main':
C:/Users/Jonatas/eclipse-workspace/ProgramasC/Debug/../teste.c:3: multiple definition of `main'; outro.o:C:/Users/Jonatas/eclipse-workspace/ProgramasC/Debug/../outro.c:3: first defined here
collect2.exe: error: ld returned 1 exit status
17:28:57 **** Incremental Build of configuration Debug for project ProgramasC ****
Info: Internal Builder is used for build
gcc -o ProgramasC.exe outro.o teste.o 
C:/msys64/mingw64/bin/../lib/gcc/x86_64-w64-mingw32/15.2.0/../../../../x86_64-w64-mingw32/bin/ld.exe: teste.o: in function `main':
C:/Users/Jonatas/eclipse-workspace/ProgramasC/Debug/../teste.c:3: multiple definition of `main'; outro.o:C:/Users/Jonatas/eclipse-workspace/ProgramasC/Debug/../outro.c:3: first defined here
collect2.exe: error: ld returned 1 exit status
17:30:44 **** Clean-only build of configuration Debug for project ProgramasC ****
rm -rf outro.o ProgramasC.exe outro.d 
17:30:44 **** Rebuild of configuration Debug for project ProgramasC ****
Info: Internal Builder is used for build
gcc -O0 -g3 -Wall -c -fmessage-length=0 -o outro.o "..\\outro.c" 
gcc -o ProgramasC.exe outro.o 
Info: Nothing to build for ProgramasC
17:30:56 **** Incremental Build of configuration Debug for project ProgramasC ****
Info: Internal Builder is used for build
gcc -O0 -g3 -Wall -c -fmessage-length=0 -o outro.o "..\\outro.c" 
gcc -o ProgramasC.exe outro.o 
17:31:39 **** Clean-only build of configuration Debug for project ProgramasC ****
rm -rf teste.d ProgramasC.exe teste.o 
17:31:47 **** Rebuild of configuration Debug for project ProgramasC ****
Info: Internal Builder is used for build
gcc -O0 -g3 -Wall -c -fmessage-length=0 -o teste.o "..\\teste.c" 
gcc -o ProgramasC.exe teste.o 
Info: Nothing to build for ProgramasC
17:05:02 **** Incremental Build of configuration Debug for project ProgramasC ****
Info: Internal Builder is used for build
gcc -O0 -g3 -Wall -c -fmessage-length=0 -o teste.o "..\\teste.c" 
gcc -o ProgramasC.exe teste.o 
15:36:10 **** Rebuild of configuration Debug for project ProgramasC ****
Info: Internal Builder is used for build
gcc -O0 -g3 -Wall -c -fmessage-length=0 -o Secao3Exercicios.o "..\\Secao3Exercicios.c" 
gcc -o ProgramasC.exe Secao3Exercicios.o 
15:37:49 **** Incremental Build of configuration Debug for project ProgramasC ****
Info: Internal Builder is used for build
gcc -O0 -g3 -Wall -c -fmessage-length=0 -o Secao3Exercicios.o "..\\Secao3Exercicios.c" 
..\Secao3Exercicios.c: In function 'main':
..\Secao3Exercicios.c:4:16: error: implicit declaration of function 'teste' [-Wimplicit-function-declaration]
    4 |         printf(teste());
      |                ^~~~~
..\Secao3Exercicios.c:4:16: error: passing argument 1 of 'printf' makes pointer from integer without a cast [-Wint-conversion]
    4 |         printf(teste());
      |                ^~~~~~~
      |                |
      |                int
In file included from ..\Secao3Exercicios.c:1:
C:/msys64/mingw64/include/stdio.h:350:25: note: expected 'const char *' but argument is of type 'int'
  350 | int printf (const char *__format, ...)
      |             ~~~~~~~~~~~~^~~~~~~~
15:44:11 **** Incremental Build of configuration Debug for project ProgramasC ****
Info: Internal Builder is used for build
gcc -O0 -g3 -Wall -c -fmessage-length=0 -o Secao3Exercicios.o "..\\Secao3Exercicios.c" 
..\Secao3Exercicios.c: In function 'main':
..\Secao3Exercicios.c:5:25: error: implicit declaration of function 'teste' [-Wimplicit-function-declaration]
    5 |         somaQuadrados = teste();
      |                         ^~~~~
15:44:40 **** Incremental Build of configuration Debug for project ProgramasC ****
Info: Internal Builder is used for build
gcc -O0 -g3 -Wall -c -fmessage-length=0 -o Secao3Exercicios.o "..\\Secao3Exercicios.c" 
..\Secao3Exercicios.c: In function 'main':
..\Secao3Exercicios.c:4:29: error: implicit declaration of function 'teste' [-Wimplicit-function-declaration]
    4 |         int somaQuadrados = teste();
      |                             ^~~~~
15:45:20 **** Incremental Build of configuration Debug for project ProgramasC ****
Info: Internal Builder is used for build
gcc -O0 -g3 -Wall -c -fmessage-length=0 -o Secao3Exercicios.o "..\\Secao3Exercicios.c" 
..\Secao3Exercicios.c: In function 'main':
..\Secao3Exercicios.c:4:29: error: implicit declaration of function 'soma' [-Wimplicit-function-declaration]
    4 |         int somaQuadrados = soma(1, 2);
      |                             ^~~~
15:46:02 **** Incremental Build of configuration Debug for project ProgramasC ****
Info: Internal Builder is used for build
gcc -O0 -g3 -Wall -c -fmessage-length=0 -o Secao3Exercicios.o "..\\Secao3Exercicios.c" 
gcc -o ProgramasC.exe Secao3Exercicios.o 
15:51:12 **** Incremental Build of configuration Debug for project ProgramasC ****
Info: Internal Builder is used for build
gcc -O0 -g3 -Wall -c -fmessage-length=0 -o Secao3Exercicios.o "..\\Secao3Exercicios.c" 
..\Secao3Exercicios.c: In function 'soma':
..\Secao3Exercicios.c:13:18: error: invalid operands to binary * (have 'int' and 'char *')
   13 |         return a * "teste";
      |                  ^
      |                  |
      |                  char *
15:51:24 **** Incremental Build of configuration Debug for project ProgramasC ****
Info: Internal Builder is used for build
gcc -O0 -g3 -Wall -c -fmessage-length=0 -o Secao3Exercicios.o "..\\Secao3Exercicios.c" 
..\Secao3Exercicios.c: In function 'soma':
..\Secao3Exercicios.c:13:18: warning: division by zero [-Wdiv-by-zero]
   13 |         return 0 / 0;
      |                  ^
gcc -o ProgramasC.exe Secao3Exercicios.o 
Info: Nothing to build for ProgramasC
15:51:54 **** Incremental Build of configuration Debug for project ProgramasC ****
Info: Internal Builder is used for build
gcc -O0 -g3 -Wall -c -fmessage-length=0 -o Secao3Exercicios.o "..\\Secao3Exercicios.c" 
gcc -o ProgramasC.exe Secao3Exercicios.o 
16:00:45 **** Incremental Build of configuration Debug for project ProgramasC ****
Info: Internal Builder is used for build
gcc -O0 -g3 -Wall -c -fmessage-length=0 -o Secao3Exercicios.o "..\\Secao3Exercicios.c" 
gcc -o ProgramasC.exe Secao3Exercicios.o 
16:04:26 **** Incremental Build of configuration Debug for project ProgramasC ****
Info: Internal Builder is used for build
gcc -O0 -g3 -Wall -c -fmessage-length=0 -o Secao3Exercicios.o "..\\Secao3Exercicios.c" 
..\Secao3Exercicios.c: In function 'main':
..\Secao3Exercicios.c:8:9: error: implicit declaration of function 'RetornoMensagem' [-Wimplicit-function-declaration]
    8 |         RetornoMensagem("Soma dos quadrados: %d" + somaQuadrados);
      |         ^~~~~~~~~~~~~~~
..\Secao3Exercicios.c: At top level:
..\Secao3Exercicios.c:13:6: warning: conflicting types for 'RetornoMensagem'; have 'void(const char *)'
   13 | void RetornoMensagem(const char *mensagem){
      |      ^~~~~~~~~~~~~~~
..\Secao3Exercicios.c:8:9: note: previous implicit declaration of 'RetornoMensagem' with type 'void(const char *)'
    8 |         RetornoMensagem("Soma dos quadrados: %d" + somaQuadrados);
      |         ^~~~~~~~~~~~~~~
16:08:40 **** Incremental Build of configuration Debug for project ProgramasC ****
Info: Internal Builder is used for build
gcc -O0 -g3 -Wall -c -fmessage-length=0 -o Secao3Exercicios.o "..\\Secao3Exercicios.c" 
..\Secao3Exercicios.c: In function 'main':
..\Secao3Exercicios.c:11:9: error: implicit declaration of function 'RetornoMensagem' [-Wimplicit-function-declaration]
   11 |         RetornoMensagem(buffer);
      |         ^~~~~~~~~~~~~~~
..\Secao3Exercicios.c: At top level:
..\Secao3Exercicios.c:16:6: warning: conflicting types for 'RetornoMensagem'; have 'void(const char *)'
   16 | void RetornoMensagem(const char *mensagem){
      |      ^~~~~~~~~~~~~~~
..\Secao3Exercicios.c:11:9: note: previous implicit declaration of 'RetornoMensagem' with type 'void(const char *)'
   11 |         RetornoMensagem(buffer);
      |         ^~~~~~~~~~~~~~~
16:08:53 **** Incremental Build of configuration Debug for project ProgramasC ****
Info: Internal Builder is used for build
gcc -O0 -g3 -Wall -c -fmessage-length=0 -o Secao3Exercicios.o "..\\Secao3Exercicios.c" 
..\Secao3Exercicios.c: In function 'main':
..\Secao3Exercicios.c:11:9: error: implicit declaration of function 'RetornoMensagem' [-Wimplicit-function-declaration]
   11 |         RetornoMensagem(buffer);
      |         ^~~~~~~~~~~~~~~
..\Secao3Exercicios.c: At top level:
..\Secao3Exercicios.c:16:6: warning: conflicting types for 'RetornoMensagem'; have 'void(const char *)'
   16 | void RetornoMensagem(const char* mensagem){
      |      ^~~~~~~~~~~~~~~
..\Secao3Exercicios.c:11:9: note: previous implicit declaration of 'RetornoMensagem' with type 'void(const char *)'
   11 |         RetornoMensagem(buffer);
      |         ^~~~~~~~~~~~~~~
16:09:11 **** Incremental Build of configuration Debug for project ProgramasC ****
Info: Internal Builder is used for build
gcc -O0 -g3 -Wall -c -fmessage-length=0 -o Secao3Exercicios.o "..\\Secao3Exercicios.c" 
gcc -o ProgramasC.exe Secao3Exercicios.o 
16:09:20 **** Incremental Build of configuration Debug for project ProgramasC ****
Info: Internal Builder is used for build
gcc -O0 -g3 -Wall -c -fmessage-length=0 -o Secao3Exercicios.o "..\\Secao3Exercicios.c" 
gcc -o ProgramasC.exe Secao3Exercicios.o 
16:09:36 **** Incremental Build of configuration Debug for project ProgramasC ****
Info: Internal Builder is used for build
gcc -O0 -g3 -Wall -c -fmessage-length=0 -o Secao3Exercicios.o "..\\Secao3Exercicios.c" 
gcc -o ProgramasC.exe Secao3Exercicios.o 
Info: Nothing to build for ProgramasC
16:44:12 **** Incremental Build of configuration Debug for project ProgramasC ****
Info: Internal Builder is used for build
gcc -O0 -g3 -Wall -c -fmessage-length=0 -o Secao3Exercicios.o "..\\Secao3Exercicios.c" 
..\Secao3Exercicios.c: In function 'RetornoSoma':
..\Secao3Exercicios.c:17:13: error: array size missing in 'err'
   17 |         int err[];
      |             ^~~
..\Secao3Exercicios.c:20:21: error: assignment to expression with array type
   20 |                 err = "Erro: não gerado tamanho do Buffer RetornoSoma:tamanhoDoBuffer";
      |                     ^
..\Secao3Exercicios.c:23:31: error: implicit declaration of function 'malloc' [-Wimplicit-function-declaration]
   23 |         char* buffer = (char*)malloc(tamanhoDoBuffer + 1);
      |                               ^~~~~~
..\Secao3Exercicios.c:3:1: note: include '<stdlib.h>' or provide a declaration of 'malloc'
    2 | #include <string.h>
  +++ |+#include <stdlib.h>
    3 | 
..\Secao3Exercicios.c:23:31: warning: incompatible implicit declaration of built-in function 'malloc' [-Wbuiltin-declaration-mismatch]
   23 |         char* buffer = (char*)malloc(tamanhoDoBuffer + 1);
      |                               ^~~~~~
..\Secao3Exercicios.c:23:31: note: include '<stdlib.h>' or provide a declaration of 'malloc'
..\Secao3Exercicios.c:24:19: warning: comparison of distinct pointer types lacks a cast [-Wcompare-distinct-pointer-types]
   24 |         if(buffer < NULL){
      |                   ^
..\Secao3Exercicios.c:25:21: error: assignment to expression with array type
   25 |                 err = "Erro ao gerar quantidade de RetornoSoma:buffer";
      |                     ^
..\Secao3Exercicios.c:17:13: warning: variable 'err' set but not used [-Wunused-but-set-variable]
   17 |         int err[];
      |             ^~~
16:44:29 **** Incremental Build of configuration Debug for project ProgramasC ****
Info: Internal Builder is used for build
gcc -O0 -g3 -Wall -c -fmessage-length=0 -o Secao3Exercicios.o "..\\Secao3Exercicios.c" 
..\Secao3Exercicios.c: In function 'RetornoSoma':
..\Secao3Exercicios.c:20:21: error: assignment to expression with array type
   20 |                 err = "Erro: não gerado tamanho do Buffer RetornoSoma:tamanhoDoBuffer";
      |                     ^
..\Secao3Exercicios.c:23:31: error: implicit declaration of function 'malloc' [-Wimplicit-function-declaration]
   23 |         char* buffer = (char*)malloc(tamanhoDoBuffer + 1);
      |                               ^~~~~~
..\Secao3Exercicios.c:3:1: note: include '<stdlib.h>' or provide a declaration of 'malloc'
    2 | #include <string.h>
  +++ |+#include <stdlib.h>
    3 | 
..\Secao3Exercicios.c:23:31: warning: incompatible implicit declaration of built-in function 'malloc' [-Wbuiltin-declaration-mismatch]
   23 |         char* buffer = (char*)malloc(tamanhoDoBuffer + 1);
      |                               ^~~~~~
..\Secao3Exercicios.c:23:31: note: include '<stdlib.h>' or provide a declaration of 'malloc'
..\Secao3Exercicios.c:24:19: warning: comparison of distinct pointer types lacks a cast [-Wcompare-distinct-pointer-types]
   24 |         if(buffer < NULL){
      |                   ^
..\Secao3Exercicios.c:25:21: error: assignment to expression with array type
   25 |                 err = "Erro ao gerar quantidade de RetornoSoma:buffer";
      |                     ^
..\Secao3Exercicios.c:17:13: warning: variable 'err' set but not used [-Wunused-but-set-variable]
   17 |         int err[200];
      |             ^~~
16:44:45 **** Incremental Build of configuration Debug for project ProgramasC ****
Info: Internal Builder is used for build
gcc -O0 -g3 -Wall -c -fmessage-length=0 -o Secao3Exercicios.o "..\\Secao3Exercicios.c" 
..\Secao3Exercicios.c: In function 'RetornoSoma':
..\Secao3Exercicios.c:23:31: error: implicit declaration of function 'malloc' [-Wimplicit-function-declaration]
   23 |         char* buffer = (char*)malloc(tamanhoDoBuffer + 1);
      |                               ^~~~~~
..\Secao3Exercicios.c:3:1: note: include '<stdlib.h>' or provide a declaration of 'malloc'
    2 | #include <string.h>
  +++ |+#include <stdlib.h>
    3 | 
..\Secao3Exercicios.c:23:31: warning: incompatible implicit declaration of built-in function 'malloc' [-Wbuiltin-declaration-mismatch]
   23 |         char* buffer = (char*)malloc(tamanhoDoBuffer + 1);
      |                               ^~~~~~
..\Secao3Exercicios.c:23:31: note: include '<stdlib.h>' or provide a declaration of 'malloc'
..\Secao3Exercicios.c:25:19: warning: comparison of distinct pointer types lacks a cast [-Wcompare-distinct-pointer-types]
   25 |         if(buffer < NULL){
      |                   ^
..\Secao3Exercicios.c:17:13: warning: unused variable 'err' [-Wunused-variable]
   17 |         int err[200];
      |             ^~~
16:44:55 **** Incremental Build of configuration Debug for project ProgramasC ****
Info: Internal Builder is used for build
gcc -O0 -g3 -Wall -c -fmessage-length=0 -o Secao3Exercicios.o "..\\Secao3Exercicios.c" 
..\Secao3Exercicios.c: In function 'RetornoSoma':
..\Secao3Exercicios.c:23:31: error: implicit declaration of function 'malloc' [-Wimplicit-function-declaration]
   23 |         char* buffer = (char*)malloc(tamanhoDoBuffer + 1);
      |                               ^~~~~~
..\Secao3Exercicios.c:3:1: note: include '<stdlib.h>' or provide a declaration of 'malloc'
    2 | #include <string.h>
  +++ |+#include <stdlib.h>
    3 | 
..\Secao3Exercicios.c:23:31: warning: incompatible implicit declaration of built-in function 'malloc' [-Wbuiltin-declaration-mismatch]
   23 |         char* buffer = (char*)malloc(tamanhoDoBuffer + 1);
      |                               ^~~~~~
..\Secao3Exercicios.c:23:31: note: include '<stdlib.h>' or provide a declaration of 'malloc'
..\Secao3Exercicios.c:25:19: warning: comparison of distinct pointer types lacks a cast [-Wcompare-distinct-pointer-types]
   25 |         if(buffer < NULL){
      |                   ^
16:44:59 **** Incremental Build of configuration Debug for project ProgramasC ****
Info: Internal Builder is used for build
gcc -O0 -g3 -Wall -c -fmessage-length=0 -o Secao3Exercicios.o "..\\Secao3Exercicios.c" 
..\Secao3Exercicios.c: In function 'RetornoSoma':
..\Secao3Exercicios.c:23:31: error: implicit declaration of function 'malloc' [-Wimplicit-function-declaration]
   23 |         char* buffer = (char*)malloc(tamanhoDoBuffer + 1);
      |                               ^~~~~~
..\Secao3Exercicios.c:3:1: note: include '<stdlib.h>' or provide a declaration of 'malloc'
    2 | #include <string.h>
  +++ |+#include <stdlib.h>
    3 | 
..\Secao3Exercicios.c:23:31: warning: incompatible implicit declaration of built-in function 'malloc' [-Wbuiltin-declaration-mismatch]
   23 |         char* buffer = (char*)malloc(tamanhoDoBuffer + 1);
      |                               ^~~~~~
..\Secao3Exercicios.c:23:31: note: include '<stdlib.h>' or provide a declaration of 'malloc'
..\Secao3Exercicios.c:25:19: warning: comparison of distinct pointer types lacks a cast [-Wcompare-distinct-pointer-types]
   25 |         if(buffer < NULL){
      |                   ^
16:45:46 **** Incremental Build of configuration Debug for project ProgramasC ****
Info: Internal Builder is used for build
gcc -O0 -g3 -Wall -c -fmessage-length=0 -o Secao3Exercicios.o "..\\Secao3Exercicios.c" 
..\Secao3Exercicios.c: In function 'RetornoSoma':
..\Secao3Exercicios.c:23:31: error: implicit declaration of function 'malloc' [-Wimplicit-function-declaration]
   23 |         char* buffer = (char*)malloc(tamanhoDoBuffer + 1);
      |                               ^~~~~~
..\Secao3Exercicios.c:3:1: note: include '<stdlib.h>' or provide a declaration of 'malloc'
    2 | #include <string.h>
  +++ |+#include <stdlib.h>
    3 | 
..\Secao3Exercicios.c:23:31: warning: incompatible implicit declaration of built-in function 'malloc' [-Wbuiltin-declaration-mismatch]
   23 |         char* buffer = (char*)malloc(tamanhoDoBuffer + 1);
      |                               ^~~~~~
..\Secao3Exercicios.c:23:31: note: include '<stdlib.h>' or provide a declaration of 'malloc'
16:46:14 **** Incremental Build of configuration Debug for project ProgramasC ****
Info: Internal Builder is used for build
gcc -O0 -g3 -Wall -c -fmessage-length=0 -o Secao3Exercicios.o "..\\Secao3Exercicios.c" 
..\Secao3Exercicios.c: In function 'main':
..\Secao3Exercicios.c:15:31: error: implicit declaration of function 'malloc' [-Wimplicit-function-declaration]
   15 |         char* buffer = (char*)malloc(tamanhoDoBuffer + 1);
      |                               ^~~~~~
..\Secao3Exercicios.c:2:1: note: include '<stdlib.h>' or provide a declaration of 'malloc'
    1 | #include <stdio.h>
  +++ |+#include <stdlib.h>
    2 | 
..\Secao3Exercicios.c:15:31: warning: incompatible implicit declaration of built-in function 'malloc' [-Wbuiltin-declaration-mismatch]
   15 |         char* buffer = (char*)malloc(tamanhoDoBuffer + 1);
      |                               ^~~~~~
..\Secao3Exercicios.c:15:31: note: include '<stdlib.h>' or provide a declaration of 'malloc'
..\Secao3Exercicios.c:16:19: warning: comparison of distinct pointer types lacks a cast [-Wcompare-distinct-pointer-types]
   16 |         if(buffer < NULL){
      |                   ^
16:46:19 **** Incremental Build of configuration Debug for project ProgramasC ****
Info: Internal Builder is used for build
gcc -O0 -g3 -Wall -c -fmessage-length=0 -o Secao3Exercicios.o "..\\Secao3Exercicios.c" 
..\Secao3Exercicios.c: In function 'main':
..\Secao3Exercicios.c:15:31: error: implicit declaration of function 'malloc' [-Wimplicit-function-declaration]
   15 |         char* buffer = (char*)malloc(tamanhoDoBuffer + 1);
      |                               ^~~~~~
..\Secao3Exercicios.c:2:1: note: include '<stdlib.h>' or provide a declaration of 'malloc'
    1 | #include <stdio.h>
  +++ |+#include <stdlib.h>
    2 | 
..\Secao3Exercicios.c:15:31: warning: incompatible implicit declaration of built-in function 'malloc' [-Wbuiltin-declaration-mismatch]
   15 |         char* buffer = (char*)malloc(tamanhoDoBuffer + 1);
      |                               ^~~~~~
..\Secao3Exercicios.c:15:31: note: include '<stdlib.h>' or provide a declaration of 'malloc'
..\Secao3Exercicios.c:16:19: warning: comparison of distinct pointer types lacks a cast [-Wcompare-distinct-pointer-types]
   16 |         if(buffer < NULL){
      |                   ^
16:48:33 **** Incremental Build of configuration Debug for project ProgramasC ****
Info: Internal Builder is used for build
gcc -O0 -g3 -Wall -c -fmessage-length=0 -o Secao3Exercicios.o "..\\Secao3Exercicios.c" 
gcc -o ProgramasC.exe Secao3Exercicios.o 
16:49:29 **** Incremental Build of configuration Debug for project ProgramasC ****
Info: Internal Builder is used for build
gcc -O0 -g3 -Wall -c -fmessage-length=0 -o Secao3Exercicios.o "..\\Secao3Exercicios.c" 
gcc -o ProgramasC.exe Secao3Exercicios.o 
16:57:07 **** Incremental Build of configuration Debug for project ProgramasC ****
Info: Internal Builder is used for build
gcc -O0 -g3 -Wall -c -fmessage-length=0 -o Secao3Exercicios.o "..\\Secao3Exercicios.c" 
..\Secao3Exercicios.c:34:6: error: redefinition of 'RetornoSoma'
   34 | void RetornoSoma() {
      |      ^~~~~~~~~~~
..\Secao3Exercicios.c:14:6: note: previous definition of 'RetornoSoma' with type 'void(void)'
   14 | void RetornoSoma() {
      |      ^~~~~~~~~~~
16:57:22 **** Incremental Build of configuration Debug for project ProgramasC ****
Info: Internal Builder is used for build
gcc -O0 -g3 -Wall -c -fmessage-length=0 -o Secao3Exercicios.o "..\\Secao3Exercicios.c" 
..\Secao3Exercicios.c: In function 'main':
..\Secao3Exercicios.c:10:9: error: implicit declaration of function 'RetornoSomaAritimatica' [-Wimplicit-function-declaration]
   10 |         RetornoSomaAritimatica();
      |         ^~~~~~~~~~~~~~~~~~~~~~
..\Secao3Exercicios.c: At top level:
..\Secao3Exercicios.c:35:6: warning: conflicting types for 'RetornoSomaAritimatica'; have 'void(void)'
   35 | void RetornoSomaAritimatica() {
      |      ^~~~~~~~~~~~~~~~~~~~~~
..\Secao3Exercicios.c:10:9: note: previous implicit declaration of 'RetornoSomaAritimatica' with type 'void(void)'
   10 |         RetornoSomaAritimatica();
      |         ^~~~~~~~~~~~~~~~~~~~~~
16:57:45 **** Incremental Build of configuration Debug for project ProgramasC ****
Info: Internal Builder is used for build
gcc -O0 -g3 -Wall -c -fmessage-length=0 -o Secao3Exercicios.o "..\\Secao3Exercicios.c" 
gcc -o ProgramasC.exe Secao3Exercicios.o 
17:16:28 **** Incremental Build of configuration Debug for project ProgramasC ****
Info: Internal Builder is used for build
gcc -O0 -g3 -Wall -c -fmessage-length=0 -o Secao3Exercicios.o "..\\Secao3Exercicios.c" 
..\Secao3Exercicios.c:10:36: error: unknown type name 'aposta'
   10 | float RegraDeTres(int totalAposta, aposta);
      |                                    ^~~~~~
..\Secao3Exercicios.c: In function 'LoteriaProporcional':
..\Secao3Exercicios.c:50:40: warning: unused variable 'totalAposta' [-Wunused-variable]
   50 |         int aposta1, aposta2, aposta3, totalAposta = 0;
      |                                        ^~~~~~~~~~~
..\Secao3Exercicios.c:50:31: warning: unused variable 'aposta3' [-Wunused-variable]
   50 |         int aposta1, aposta2, aposta3, totalAposta = 0;
      |                               ^~~~~~~
..\Secao3Exercicios.c:50:22: warning: unused variable 'aposta2' [-Wunused-variable]
   50 |         int aposta1, aposta2, aposta3, totalAposta = 0;
      |                      ^~~~~~~
..\Secao3Exercicios.c:50:13: warning: unused variable 'aposta1' [-Wunused-variable]
   50 |         int aposta1, aposta2, aposta3, totalAposta = 0;
      |             ^~~~~~~
..\Secao3Exercicios.c: At top level:
..\Secao3Exercicios.c:55:36: error: unknown type name 'aposta'
   55 | float RegraDeTres(int totalAposta, aposta){
      |                                    ^~~~~~
17:18:33 **** Incremental Build of configuration Debug for project ProgramasC ****
Info: Internal Builder is used for build
gcc -O0 -g3 -Wall -c -fmessage-length=0 -o Secao3Exercicios.o "..\\Secao3Exercicios.c" 
..\Secao3Exercicios.c:10:36: error: unknown type name 'aposta'
   10 | float RegraDeTres(int totalAposta, aposta);
      |                                    ^~~~~~
..\Secao3Exercicios.c: In function 'LoteriaProporcional':
..\Secao3Exercicios.c:54:13: warning: unused variable 'totalAposta' [-Wunused-variable]
   54 |         int totalAposta = aposta1 + aposta2 + aposta3;
      |             ^~~~~~~~~~~
..\Secao3Exercicios.c: In function 'RegraDeTres':
..\Secao3Exercicios.c:59:15: warning: unused variable 'x' [-Wunused-variable]
   59 |         float x = 0;
      |               ^
17:19:05 **** Incremental Build of configuration Debug for project ProgramasC ****
Info: Internal Builder is used for build
gcc -O0 -g3 -Wall -c -fmessage-length=0 -o Secao3Exercicios.o "..\\Secao3Exercicios.c" 
..\Secao3Exercicios.c:10:36: error: unknown type name 'aposta'
   10 | float RegraDeTres(int totalAposta, aposta);
      |                                    ^~~~~~
..\Secao3Exercicios.c: In function 'LoteriaProporcional':
..\Secao3Exercicios.c:54:13: warning: unused variable 'totalAposta' [-Wunused-variable]
   54 |         int totalAposta = aposta1 + aposta2 + aposta3;
      |             ^~~~~~~~~~~
17:21:28 **** Incremental Build of configuration Debug for project ProgramasC ****
Info: Internal Builder is used for build
gcc -O0 -g3 -Wall -c -fmessage-length=0 -o Secao3Exercicios.o "..\\Secao3Exercicios.c" 
..\Secao3Exercicios.c:10:36: error: unknown type name 'aposta'
   10 | float RegraDeTres(int totalAposta, aposta);
      |                                    ^~~~~~
..\Secao3Exercicios.c: In function 'LoteriaProporcional':
..\Secao3Exercicios.c:54:13: warning: unused variable 'totalAposta' [-Wunused-variable]
   54 |         int totalAposta = aposta1 + aposta2 + aposta3;
      |             ^~~~~~~~~~~
17:23:38 **** Incremental Build of configuration Debug for project ProgramasC ****
Info: Internal Builder is used for build
gcc -O0 -g3 -Wall -c -fmessage-length=0 -o Secao3Exercicios.o "..\\Secao3Exercicios.c" 
..\Secao3Exercicios.c:10:36: error: unknown type name 'aposta'
   10 | float RegraDeTres(int totalAposta, aposta);
      |                                    ^~~~~~
..\Secao3Exercicios.c: In function 'LoteriaProporcional':
..\Secao3Exercicios.c:54:13: warning: unused variable 'totalAposta' [-Wunused-variable]
   54 |         int totalAposta = aposta1 + aposta2 + aposta3;
      |             ^~~~~~~~~~~
17:24:22 **** Incremental Build of configuration Debug for project ProgramasC ****
Info: Internal Builder is used for build
gcc -O0 -g3 -Wall -c -fmessage-length=0 -o Secao3Exercicios.o "..\\Secao3Exercicios.c" 
..\Secao3Exercicios.c:10:36: error: unknown type name 'aposta'
   10 | float RegraDeTres(int totalAposta, aposta);
      |                                    ^~~~~~
..\Secao3Exercicios.c: In function 'LoteriaProporcional':
..\Secao3Exercicios.c:56:36: error: implicit declaration of function 'RegraDeTres' [-Wimplicit-function-declaration]
   56 |         float porcentagemAposta1 = RegraDeTres(totalAposta, aposta1);
      |                                    ^~~~~~~~~~~
..\Secao3Exercicios.c:56:15: warning: unused variable 'porcentagemAposta1' [-Wunused-variable]
   56 |         float porcentagemAposta1 = RegraDeTres(totalAposta, aposta1);
      |               ^~~~~~~~~~~~~~~~~~
..\Secao3Exercicios.c: At top level:
..\Secao3Exercicios.c:60:7: error: conflicting types for 'RegraDeTres'; have 'float(int,  int)'
   60 | float RegraDeTres(int totalAposta, int aposta){
      |       ^~~~~~~~~~~
..\Secao3Exercicios.c:56:36: note: previous implicit declaration of 'RegraDeTres' with type 'int()'
   56 |         float porcentagemAposta1 = RegraDeTres(totalAposta, aposta1);
      |                                    ^~~~~~~~~~~
17:24:42 **** Incremental Build of configuration Debug for project ProgramasC ****
Info: Internal Builder is used for build
gcc -O0 -g3 -Wall -c -fmessage-length=0 -o Secao3Exercicios.o "..\\Secao3Exercicios.c" 
..\Secao3Exercicios.c: In function 'LoteriaProporcional':
..\Secao3Exercicios.c:56:15: warning: unused variable 'porcentagemAposta1' [-Wunused-variable]
   56 |         float porcentagemAposta1 = RegraDeTres(totalAposta, aposta1);
      |               ^~~~~~~~~~~~~~~~~~
gcc -o ProgramasC.exe Secao3Exercicios.o 
17:26:59 **** Incremental Build of configuration Debug for project ProgramasC ****
Info: Internal Builder is used for build
gcc -O0 -g3 -Wall -c -fmessage-length=0 -o Secao3Exercicios.o "..\\Secao3Exercicios.c" 
..\Secao3Exercicios.c: In function 'LoteriaProporcional':
..\Secao3Exercicios.c:58:16: warning: zero-length gnu_printf format string [-Wformat-zero-length]
   58 |         printf("");
      |                ^~
..\Secao3Exercicios.c:56:15: warning: unused variable 'porcentagemAposta1' [-Wunused-variable]
   56 |         float porcentagemAposta1 = RegraDeTres(totalAposta, aposta1);
      |               ^~~~~~~~~~~~~~~~~~
gcc -o ProgramasC.exe Secao3Exercicios.o 
Info: Nothing to build for ProgramasC
17:27:55 **** Incremental Build of configuration Debug for project ProgramasC ****
Info: Internal Builder is used for build
gcc -O0 -g3 -Wall -c -fmessage-length=0 -o Secao3Exercicios.o "..\\Secao3Exercicios.c" 
..\Secao3Exercicios.c: In function 'LoteriaProporcional':
..\Secao3Exercicios.c:60:16: warning: zero-length gnu_printf format string [-Wformat-zero-length]
   60 |         printf("");
      |                ^~
..\Secao3Exercicios.c:58:15: warning: unused variable 'porcentagemAposta1' [-Wunused-variable]
   58 |         float porcentagemAposta1 = RegraDeTres(totalAposta, aposta1);
      |               ^~~~~~~~~~~~~~~~~~
gcc -o ProgramasC.exe Secao3Exercicios.o 
Info: Nothing to build for ProgramasC
Info: Nothing to build for ProgramasC
Info: Nothing to build for ProgramasC
Info: Nothing to build for ProgramasC
17:32:48 **** Incremental Build of configuration Debug for project ProgramasC ****
Info: Internal Builder is used for build
gcc -O0 -g3 -Wall -c -fmessage-length=0 -o Secao3Exercicios.o "..\\Secao3Exercicios.c" 
..\Secao3Exercicios.c: In function 'LoteriaProporcional':
..\Secao3Exercicios.c:62:16: warning: zero-length gnu_printf format string [-Wformat-zero-length]
   62 |         printf("");
      |                ^~
..\Secao3Exercicios.c:60:15: warning: unused variable 'porcentagemAposta3' [-Wunused-variable]
   60 |         float porcentagemAposta3 = RegraDeTres(totalAposta, aposta3);
      |               ^~~~~~~~~~~~~~~~~~
..\Secao3Exercicios.c:59:15: warning: unused variable 'porcentagemAposta2' [-Wunused-variable]
   59 |         float porcentagemAposta2 = RegraDeTres(totalAposta, aposta2);
      |               ^~~~~~~~~~~~~~~~~~
..\Secao3Exercicios.c:58:15: warning: unused variable 'porcentagemAposta1' [-Wunused-variable]
   58 |         float porcentagemAposta1 = RegraDeTres(totalAposta, aposta1);
      |               ^~~~~~~~~~~~~~~~~~
gcc -o ProgramasC.exe Secao3Exercicios.o 
17:34:12 **** Incremental Build of configuration Debug for project ProgramasC ****
Info: Internal Builder is used for build
gcc -O0 -g3 -Wall -c -fmessage-length=0 -o Secao3Exercicios.o "..\\Secao3Exercicios.c" 
..\Secao3Exercicios.c: In function 'LoteriaProporcional':
..\Secao3Exercicios.c:62:16: warning: zero-length gnu_printf format string [-Wformat-zero-length]
   62 |         printf("");
      |                ^~
..\Secao3Exercicios.c:60:15: warning: unused variable 'porcentagemAposta3' [-Wunused-variable]
   60 |         float porcentagemAposta3 = RegraDeTres(totalAposta, aposta3);
      |               ^~~~~~~~~~~~~~~~~~
..\Secao3Exercicios.c:59:15: warning: unused variable 'porcentagemAposta2' [-Wunused-variable]
   59 |         float porcentagemAposta2 = RegraDeTres(totalAposta, aposta2);
      |               ^~~~~~~~~~~~~~~~~~
..\Secao3Exercicios.c:58:15: warning: unused variable 'porcentagemAposta1' [-Wunused-variable]
   58 |         float porcentagemAposta1 = RegraDeTres(totalAposta, aposta1);
      |               ^~~~~~~~~~~~~~~~~~
gcc -o ProgramasC.exe Secao3Exercicios.o 
17:34:37 **** Incremental Build of configuration Debug for project ProgramasC ****
Info: Internal Builder is used for build
gcc -O0 -g3 -Wall -c -fmessage-length=0 -o Secao3Exercicios.o "..\\Secao3Exercicios.c" 
..\Secao3Exercicios.c: In function 'LoteriaProporcional':
..\Secao3Exercicios.c:62:16: warning: zero-length gnu_printf format string [-Wformat-zero-length]
   62 |         printf("");
      |                ^~
..\Secao3Exercicios.c:60:15: warning: unused variable 'porcentagemAposta3' [-Wunused-variable]
   60 |         float porcentagemAposta3 = RegraDeTres(totalAposta, aposta3);
      |               ^~~~~~~~~~~~~~~~~~
..\Secao3Exercicios.c:59:15: warning: unused variable 'porcentagemAposta2' [-Wunused-variable]
   59 |         float porcentagemAposta2 = RegraDeTres(totalAposta, aposta2);
      |               ^~~~~~~~~~~~~~~~~~
..\Secao3Exercicios.c:58:15: warning: unused variable 'porcentagemAposta1' [-Wunused-variable]
   58 |         float porcentagemAposta1 = RegraDeTres(totalAposta, aposta1);
      |               ^~~~~~~~~~~~~~~~~~
gcc -o ProgramasC.exe Secao3Exercicios.o 
Info: Nothing to build for ProgramasC
Info: Nothing to build for ProgramasC
17:40:03 **** Incremental Build of configuration Debug for project ProgramasC ****
Info: Internal Builder is used for build
gcc -O0 -g3 -Wall -c -fmessage-length=0 -o Secao3Exercicios.o "..\\Secao3Exercicios.c" 
..\Secao3Exercicios.c: In function 'LoteriaProporcional':
..\Secao3Exercicios.c:62:16: warning: zero-length gnu_printf format string [-Wformat-zero-length]
   62 |         printf("");
      |                ^~
..\Secao3Exercicios.c:60:15: warning: unused variable 'porcentagemAposta3' [-Wunused-variable]
   60 |         float porcentagemAposta3 = RegraDeTres(totalAposta, aposta3);
      |               ^~~~~~~~~~~~~~~~~~
..\Secao3Exercicios.c:59:15: warning: unused variable 'porcentagemAposta2' [-Wunused-variable]
   59 |         float porcentagemAposta2 = RegraDeTres(totalAposta, aposta2);
      |               ^~~~~~~~~~~~~~~~~~
..\Secao3Exercicios.c:58:15: warning: unused variable 'porcentagemAposta1' [-Wunused-variable]
   58 |         float porcentagemAposta1 = RegraDeTres(totalAposta, aposta1);
      |               ^~~~~~~~~~~~~~~~~~
gcc -o ProgramasC.exe Secao3Exercicios.o 
Info: Nothing to build for ProgramasC
